<?xml version="1.0" encoding="UTF-8"?>
<!-- Generated by org.testng.reporters.JUnitReportReporter -->
<testsuite hostname="LTIN469616" failures="0" tests="5" name="TestCases.TC_03" time="7.546" errors="0" timestamp="2024-10-28T21:38:11 IST" skipped="0">
  <testcase classname="TestCases.TC_03" name="ValidaionForTC3" time="0.461"/>
  <testcase classname="TestCases.TC_03" name="isforcorporatedisplay" time="0.361"/>
  <testcase classname="TestCases.TC_03" name="ishealthandwellnessdisplay" time="4.052"/>
  <testcase classname="TestCases.TC_03" name="enteringDatawithValidInput" time="2.440"/>
  <testcase classname="TestCases.TC_03" name="thxvalidation" time="0.232"/>
</testsuite> <!-- TestCases.TC_03 -->
