<?xml version="1.0" encoding="UTF-8"?>
<!-- Generated by org.testng.reporters.JUnitReportReporter -->
<testsuite hostname="LTIN421702" failures="0" tests="4" name="TestCases.TC_02_DiagnosticPage" time="5.156" errors="0" timestamp="2024-11-10T19:37:05 IST" skipped="0">
  <testcase classname="TestCases.TC_02_DiagnosticPage" name="valiationfortitleTC2" time="0.277"/>
  <system-out/>
  <testcase classname="TestCases.TC_02_DiagnosticPage" name="diagnosticclick" time="4.322"/>
  <system-out/>
  <testcase classname="TestCases.TC_02_DiagnosticPage" name="validationfordiagnosticpage" time="0.249"/>
  <system-out/>
  <testcase classname="TestCases.TC_02_DiagnosticPage" name="topcitiesdisplay" time="0.308"/>
  <system-out/>
</testsuite> <!-- TestCases.TC_02_DiagnosticPage -->
