<?xml version="1.0" encoding="UTF-8"?>
<!-- Generated by org.testng.reporters.JUnitReportReporter -->
<testsuite hostname="LTIN469616" failures="0" tests="4" name="TestCases.TC_02" time="9.578" errors="0" timestamp="2024-11-05T16:32:01 IST" skipped="0">
  <testcase classname="TestCases.TC_02" name="valiationfortitleTC2" time="0.486"/>
  <testcase classname="TestCases.TC_02" name="diagnosticclick" time="7.863"/>
  <testcase classname="TestCases.TC_02" name="validationfordiagnosticpage" time="0.527"/>
  <testcase classname="TestCases.TC_02" name="topcitiesdisplay" time="0.702"/>
</testsuite> <!-- TestCases.TC_02 -->
