<?xml version="1.0" encoding="UTF-8"?>
<!-- Generated by org.testng.reporters.JUnitReportReporter -->
<testsuite hostname="LTIN421702" failures="0" tests="4" name="TestCases.TC_01_HospitalList" time="53.737" errors="0" timestamp="2024-11-10T19:37:05 IST" skipped="0">
  <testcase classname="TestCases.TC_01_HospitalList" name="validationoftitle" time="0.287"/>
  <system-out/>
  <testcase classname="TestCases.TC_01_HospitalList" name="searchforhospitals" time="4.999"/>
  <system-out/>
  <testcase classname="TestCases.TC_01_HospitalList" name="locationsearch" time="2.175"/>
  <system-out/>
  <testcase classname="TestCases.TC_01_HospitalList" name="HospitalList" time="46.276"/>
  <system-out/>
</testsuite> <!-- TestCases.TC_01_HospitalList -->
