<?xml version="1.0" encoding="UTF-8"?>
<!-- Generated by org.testng.reporters.JUnitReportReporter -->
<testsuite hostname="LTIN421702" failures="0" tests="4" name="TestCases.TC__03_HealthandWellnessPage" time="57.893" errors="0" timestamp="2024-11-11T11:27:28 IST" skipped="0">
  <testcase classname="TestCases.TC__03_HealthandWellnessPage" name="clickAgainWithExcelData" time="8.725"/>
  <system-out/>
  <testcase classname="TestCases.TC__03_HealthandWellnessPage" name="click" time="34.076"/>
  <system-out/>
  <testcase classname="TestCases.TC__03_HealthandWellnessPage" name="clickOnceAgain" time="14.909"/>
  <system-out/>
  <testcase classname="TestCases.TC__03_HealthandWellnessPage" name="validate_Thankyou" time="0.183"/>
  <system-out/>
</testsuite> <!-- TestCases.TC__03_HealthandWellnessPage -->
