<?xml version="1.0" encoding="UTF-8"?>
<!-- Generated by org.testng.reporters.JUnitReportReporter -->
<testsuite hostname="LTIN469616" failures="0" tests="4" name="TestCases.TEC_01" time="51.664" errors="0" timestamp="2024-11-06T11:23:12 IST" skipped="0">
  <testcase classname="TestCases.TEC_01" name="validationoftitle" time="0.425"/>
  <testcase classname="TestCases.TEC_01" name="searchforhospitals" time="5.228"/>
  <testcase classname="TestCases.TEC_01" name="locationsearch" time="3.315"/>
  <testcase classname="TestCases.TEC_01" name="HospitalList" time="42.696"/>
</testsuite> <!-- TestCases.TEC_01 -->
