<?xml version="1.0" encoding="UTF-8"?>
<!-- Generated by org.testng.reporters.JUnitReportReporter -->
<testsuite hostname="LTIN469616" failures="0" tests="2" name="TestCases.DataProviderPractice" time="36.623" errors="0" timestamp="2024-10-22T22:53:11 IST" skipped="0">
  <testcase classname="TestCases.DataProviderPractice" name="test" time="21.503"/>
  <testcase classname="TestCases.DataProviderPractice" name="test" time="15.120"/>
</testsuite> <!-- TestCases.DataProviderPractice -->
