<?xml version="1.0" encoding="UTF-8"?>
<!-- Generated by org.testng.reporters.JUnitReportReporter -->
<testsuite hostname="LTIN469616" failures="0" tests="1" name="TestCases.TC2_simple" time="7.904" errors="0" timestamp="2024-10-24T16:48:53 IST" skipped="0">
  <testcase classname="TestCases.TC2_simple" name="test" time="7.904"/>
</testsuite> <!-- TestCases.TC2_simple -->
