<?xml version="1.0" encoding="UTF-8"?>
<!-- Generated by org.testng.reporters.JUnitReportReporter -->
<testsuite hostname="LTIN469616" failures="0" tests="4" name="TestCases.TC_01_HospitalList" time="72.746" errors="0" timestamp="2024-11-06T14:53:56 IST" skipped="0">
  <testcase classname="TestCases.TC_01_HospitalList" name="validationoftitle" time="0.717"/>
  <testcase classname="TestCases.TC_01_HospitalList" name="searchforhospitals" time="10.145"/>
  <testcase classname="TestCases.TC_01_HospitalList" name="locationsearch" time="6.419"/>
  <testcase classname="TestCases.TC_01_HospitalList" name="HospitalList" time="55.465"/>
</testsuite> <!-- TestCases.TC_01_HospitalList -->
