<?xml version="1.0" encoding="UTF-8"?>
<!-- Generated by org.testng.reporters.JUnitReportReporter -->
<testsuite hostname="LTIN469616" failures="0" tests="4" name="TestCases.TC__03_HealthandWellnessPage" time="62.644" errors="0" timestamp="2024-11-06T14:53:56 IST" skipped="0">
  <testcase classname="TestCases.TC__03_HealthandWellnessPage" name="validate_Thankyou" time="0.071"/>
  <testcase classname="TestCases.TC__03_HealthandWellnessPage" name="click" time="31.634"/>
  <testcase classname="TestCases.TC__03_HealthandWellnessPage" name="clickOnceAgain" time="23.204"/>
  <testcase classname="TestCases.TC__03_HealthandWellnessPage" name="clickAgainWithExcelData" time="7.735"/>
</testsuite> <!-- TestCases.TC__03_HealthandWellnessPage -->
