<?xml version="1.0" encoding="UTF-8"?>
<!-- Generated by org.testng.reporters.JUnitReportReporter -->
<testsuite hostname="LTIN469616" failures="0" tests="4" name="TestCases.TC_02_DiagnosticPage" time="6.753" errors="0" timestamp="2024-11-06T14:53:56 IST" skipped="0">
  <testcase classname="TestCases.TC_02_DiagnosticPage" name="valiationfortitleTC2" time="0.652"/>
  <testcase classname="TestCases.TC_02_DiagnosticPage" name="diagnosticclick" time="5.015"/>
  <testcase classname="TestCases.TC_02_DiagnosticPage" name="validationfordiagnosticpage" time="0.473"/>
  <testcase classname="TestCases.TC_02_DiagnosticPage" name="topcitiesdisplay" time="0.613"/>
</testsuite> <!-- TestCases.TC_02_DiagnosticPage -->
